<?xml version="1.0" encoding="UTF-8"?>
<testng-results skipped="0" failed="0" total="2" passed="2">
  <reporter-output>
  </reporter-output>
  <suite name="Cucumber Framework" duration-ms="4474" started-at="2018-12-25T14:51:21Z" finished-at="2018-12-25T14:51:26Z">
    <groups>
      <group name="cucumber">
        <method signature="AbstractTestNGCucumberTests.feature(cucumber.api.testng.CucumberFeatureWrapper)[pri:0, instance:runners.MainRunner@6e1567f1]" name="feature" class="cucumber.api.testng.AbstractTestNGCucumberTests"/>
      </group> <!-- cucumber -->
    </groups>
    <test name="Cucumber Tests" duration-ms="4474" started-at="2018-12-25T14:51:21Z" finished-at="2018-12-25T14:51:26Z">
      <class name="runners.MainRunner">
        <test-method status="PASS" signature="setUpClass()[pri:0, instance:runners.MainRunner@6e1567f1]" name="setUpClass" is-config="true" duration-ms="1039" started-at="2018-12-25T14:51:22Z" finished-at="2018-12-25T14:51:23Z">
          <reporter-output>
          </reporter-output>
        </test-method> <!-- setUpClass -->
        <test-method status="PASS" signature="feature(cucumber.api.testng.CucumberFeatureWrapper)[pri:0, instance:runners.MainRunner@6e1567f1]" name="feature" duration-ms="1397" started-at="2018-12-25T14:51:23Z" description="Runs Cucumber Feature" data-provider="features" finished-at="2018-12-25T14:51:24Z">
          <params>
            <param index="0">
              <value>
                <![CDATA[submite data to webdriveruniversity.com using data from contact us form]]>
              </value>
            </param>
          </params>
          <reporter-output>
          </reporter-output>
        </test-method> <!-- feature -->
        <test-method status="PASS" signature="feature(cucumber.api.testng.CucumberFeatureWrapper)[pri:0, instance:runners.MainRunner@6e1567f1]" name="feature" duration-ms="134" started-at="2018-12-25T14:51:24Z" description="Runs Cucumber Feature" data-provider="features" finished-at="2018-12-25T14:51:24Z">
          <params>
            <param index="0">
              <value>
                <![CDATA[Products page]]>
              </value>
            </param>
          </params>
          <reporter-output>
          </reporter-output>
        </test-method> <!-- feature -->
        <test-method status="PASS" signature="tearDownClass()[pri:0, instance:runners.MainRunner@6e1567f1]" name="tearDownClass" is-config="true" duration-ms="1464" started-at="2018-12-25T14:51:24Z" finished-at="2018-12-25T14:51:26Z">
          <reporter-output>
          </reporter-output>
        </test-method> <!-- tearDownClass -->
      </class> <!-- runners.MainRunner -->
    </test> <!-- Cucumber Tests -->
  </suite> <!-- Cucumber Framework -->
</testng-results>
